2020-12-27 21:13:25.210  INFO 3416 --- [main] org.example.Application                  : Starting Application using Java 14.0.2 on MS-7B89 with PID 3416 (F:\桌面F\Java\A_springboot_project\target\classes started by muuuuggle in F:\桌面F\Java\A_springboot_project)
2020-12-27 21:13:25.213  INFO 3416 --- [main] org.example.Application                  : No active profile set, falling back to default profiles: default
2020-12-27 21:13:25.972  INFO 3416 --- [main] o.s.b.w.embedded.tomcat.TomcatWebServer  : Tomcat initialized with port(s): 8080 (http)
2020-12-27 21:13:25.981  INFO 3416 --- [main] o.apache.catalina.core.StandardService   : Starting service [Tomcat]
2020-12-27 21:13:25.981  INFO 3416 --- [main] org.apache.catalina.core.StandardEngine  : Starting Servlet engine: [Apache Tomcat/9.0.41]
2020-12-27 21:13:26.055  INFO 3416 --- [main] o.a.c.c.C.[Tomcat].[localhost].[/]       : Initializing Spring embedded WebApplicationContext
2020-12-27 21:13:26.055  INFO 3416 --- [main] w.s.c.ServletWebServerApplicationContext : Root WebApplicationContext: initialization completed in 804 ms
2020-12-27 21:13:26.182  INFO 3416 --- [main] o.s.s.concurrent.ThreadPoolTaskExecutor  : Initializing ExecutorService 'applicationTaskExecutor'
2020-12-27 21:13:26.428  INFO 3416 --- [main] o.s.b.w.embedded.tomcat.TomcatWebServer  : Tomcat started on port(s): 8080 (http) with context path ''
2020-12-27 21:13:26.437  INFO 3416 --- [main] org.example.Application                  : Started Application in 1.555 seconds (JVM running for 1.838)
2020-12-27 21:13:57.302  INFO 3416 --- [http-nio-8080-exec-2] o.a.c.c.C.[Tomcat].[localhost].[/]       : Initializing Spring DispatcherServlet 'dispatcherServlet'
2020-12-27 21:13:57.302  INFO 3416 --- [http-nio-8080-exec-2] o.s.web.servlet.DispatcherServlet        : Initializing Servlet 'dispatcherServlet'
2020-12-27 21:13:57.303  INFO 3416 --- [http-nio-8080-exec-2] o.s.web.servlet.DispatcherServlet        : Completed initialization in 1 ms
2021-01-04 22:20:25.466  INFO 9124 --- [restartedMain] org.example.Application                  : Starting Application using Java 14.0.2 on MS-7B89 with PID 9124 (F:\DESKTOP_F\Java\A_springboot_project\target\classes started by muuuuggle in F:\DESKTOP_F\Java\A_springboot_project)
2021-01-04 22:20:25.476  INFO 9124 --- [restartedMain] org.example.Application                  : No active profile set, falling back to default profiles: default
2021-01-04 22:20:25.513  INFO 9124 --- [restartedMain] .e.DevToolsPropertyDefaultsPostProcessor : Devtools property defaults active! Set 'spring.devtools.add-properties' to 'false' to disable
2021-01-04 22:20:25.513  INFO 9124 --- [restartedMain] .e.DevToolsPropertyDefaultsPostProcessor : For additional web related logging consider setting the 'logging.level.web' property to 'DEBUG'
2021-01-04 22:20:26.555  INFO 9124 --- [restartedMain] o.s.b.w.embedded.tomcat.TomcatWebServer  : Tomcat initialized with port(s): 8080 (http)
2021-01-04 22:20:26.566  INFO 9124 --- [restartedMain] o.apache.catalina.core.StandardService   : Starting service [Tomcat]
2021-01-04 22:20:26.567  INFO 9124 --- [restartedMain] org.apache.catalina.core.StandardEngine  : Starting Servlet engine: [Apache Tomcat/9.0.41]
2021-01-04 22:20:26.657  INFO 9124 --- [restartedMain] o.a.c.c.C.[Tomcat].[localhost].[/]       : Initializing Spring embedded WebApplicationContext
2021-01-04 22:20:26.657  INFO 9124 --- [restartedMain] w.s.c.ServletWebServerApplicationContext : Root WebApplicationContext: initialization completed in 1144 ms
2021-01-04 22:20:26.788  INFO 9124 --- [restartedMain] org.example.service.CloudStorageService  : Initializing cloud storage with root dir:${Storage.cloud.bucket:
2021-01-04 22:20:26.790  INFO 9124 --- [restartedMain] org.example.service.LocalStorageService  : Intializing local storage with root dir: /var/static
2021-01-04 22:20:26.791  INFO 9124 --- [restartedMain] org.example.service.StorageService       : Load configuration: root-dir = org.example.config.StorageConfiguration$$EnhancerBySpringCGLIB$$9d4e4d1a@1fb56fb5
2021-01-04 22:20:26.791  INFO 9124 --- [restartedMain] org.example.service.StorageService       : Load configuration: max-size = org.example.config.StorageConfiguration$$EnhancerBySpringCGLIB$$9d4e4d1a@1fb56fb5
2021-01-04 22:20:26.791  INFO 9124 --- [restartedMain] org.example.service.StorageService       : Load configuration: allowed-types = org.example.config.StorageConfiguration$$EnhancerBySpringCGLIB$$9d4e4d1a@1fb56fb5
2021-01-04 22:20:26.980  INFO 9124 --- [restartedMain] o.s.s.concurrent.ThreadPoolTaskExecutor  : Initializing ExecutorService 'applicationTaskExecutor'
2021-01-04 22:20:27.700  INFO 9124 --- [restartedMain] o.s.b.d.a.OptionalLiveReloadServer       : LiveReload server is running on port 35729
2021-01-04 22:20:27.705  INFO 9124 --- [restartedMain] o.s.b.a.e.web.EndpointLinksResolver      : Exposing 2 endpoint(s) beneath base path '/actuator'
2021-01-04 22:20:27.746  INFO 9124 --- [restartedMain] o.s.b.w.embedded.tomcat.TomcatWebServer  : Tomcat started on port(s): 8080 (http) with context path ''
2021-01-04 22:20:27.759  INFO 9124 --- [restartedMain] org.example.Application                  : Started Application in 2.701 seconds (JVM running for 3.177)
2021-01-04 22:20:28.244  INFO 9124 --- [http-nio-8080-exec-1] o.a.c.c.C.[Tomcat].[localhost].[/]       : Initializing Spring DispatcherServlet 'dispatcherServlet'
2021-01-04 22:20:28.245  INFO 9124 --- [http-nio-8080-exec-1] o.s.web.servlet.DispatcherServlet        : Initializing Servlet 'dispatcherServlet'
2021-01-04 22:20:28.246  INFO 9124 --- [http-nio-8080-exec-1] o.s.web.servlet.DispatcherServlet        : Completed initialization in 1 ms
2021-01-04 22:22:31.189  INFO 19100 --- [restartedMain] org.example.Application                  : Starting Application using Java 14.0.2 on MS-7B89 with PID 19100 (F:\DESKTOP_F\Java\A_springboot_project\target\classes started by muuuuggle in F:\DESKTOP_F\Java\A_springboot_project)
2021-01-04 22:22:31.191  INFO 19100 --- [restartedMain] org.example.Application                  : No active profile set, falling back to default profiles: default
2021-01-04 22:22:31.223  INFO 19100 --- [restartedMain] .e.DevToolsPropertyDefaultsPostProcessor : Devtools property defaults active! Set 'spring.devtools.add-properties' to 'false' to disable
2021-01-04 22:22:31.223  INFO 19100 --- [restartedMain] .e.DevToolsPropertyDefaultsPostProcessor : For additional web related logging consider setting the 'logging.level.web' property to 'DEBUG'
2021-01-04 22:22:32.185  INFO 19100 --- [restartedMain] o.s.b.w.embedded.tomcat.TomcatWebServer  : Tomcat initialized with port(s): 8080 (http)
2021-01-04 22:22:32.194  INFO 19100 --- [restartedMain] o.apache.catalina.core.StandardService   : Starting service [Tomcat]
2021-01-04 22:22:32.194  INFO 19100 --- [restartedMain] org.apache.catalina.core.StandardEngine  : Starting Servlet engine: [Apache Tomcat/9.0.41]
2021-01-04 22:22:32.280  INFO 19100 --- [restartedMain] o.a.c.c.C.[Tomcat].[localhost].[/]       : Initializing Spring embedded WebApplicationContext
2021-01-04 22:22:32.280  INFO 19100 --- [restartedMain] w.s.c.ServletWebServerApplicationContext : Root WebApplicationContext: initialization completed in 1057 ms
2021-01-04 22:22:32.433  INFO 19100 --- [restartedMain] org.example.service.CloudStorageService  : Initializing cloud storage with root dir:${Storage.cloud.bucket:
2021-01-04 22:22:32.435  INFO 19100 --- [restartedMain] org.example.service.LocalStorageService  : Intializing local storage with root dir: /var/static
2021-01-04 22:22:32.436  INFO 19100 --- [restartedMain] org.example.service.StorageService       : Load configuration: root-dir = org.example.config.StorageConfiguration$$EnhancerBySpringCGLIB$$c98c6bb9@4ed6518a
2021-01-04 22:22:32.436  INFO 19100 --- [restartedMain] org.example.service.StorageService       : Load configuration: max-size = org.example.config.StorageConfiguration$$EnhancerBySpringCGLIB$$c98c6bb9@4ed6518a
2021-01-04 22:22:32.436  INFO 19100 --- [restartedMain] org.example.service.StorageService       : Load configuration: allowed-types = org.example.config.StorageConfiguration$$EnhancerBySpringCGLIB$$c98c6bb9@4ed6518a
2021-01-04 22:22:32.567  INFO 19100 --- [restartedMain] o.s.s.concurrent.ThreadPoolTaskExecutor  : Initializing ExecutorService 'applicationTaskExecutor'
2021-01-04 22:22:33.296  INFO 19100 --- [restartedMain] o.s.b.d.a.OptionalLiveReloadServer       : LiveReload server is running on port 35729
2021-01-04 22:22:33.302  INFO 19100 --- [restartedMain] o.s.b.a.e.web.EndpointLinksResolver      : Exposing 2 endpoint(s) beneath base path '/actuator'
2021-01-04 22:22:33.340  INFO 19100 --- [restartedMain] o.s.b.w.embedded.tomcat.TomcatWebServer  : Tomcat started on port(s): 8080 (http) with context path ''
2021-01-04 22:22:33.353  INFO 19100 --- [restartedMain] org.example.Application                  : Started Application in 2.492 seconds (JVM running for 2.888)
2021-01-04 22:22:37.430  INFO 19100 --- [http-nio-8080-exec-1] o.a.c.c.C.[Tomcat].[localhost].[/]       : Initializing Spring DispatcherServlet 'dispatcherServlet'
2021-01-04 22:22:37.430  INFO 19100 --- [http-nio-8080-exec-1] o.s.web.servlet.DispatcherServlet        : Initializing Servlet 'dispatcherServlet'
2021-01-04 22:22:37.431  INFO 19100 --- [http-nio-8080-exec-1] o.s.web.servlet.DispatcherServlet        : Completed initialization in 1 ms
2021-01-04 22:27:59.208  INFO 8716 --- [restartedMain] org.example.Application                  : Starting Application using Java 14.0.2 on MS-7B89 with PID 8716 (F:\DESKTOP_F\Java\A_springboot_project\target\classes started by muuuuggle in F:\DESKTOP_F\Java\A_springboot_project)
2021-01-04 22:27:59.210  INFO 8716 --- [restartedMain] org.example.Application                  : No active profile set, falling back to default profiles: default
2021-01-04 22:27:59.243  INFO 8716 --- [restartedMain] .e.DevToolsPropertyDefaultsPostProcessor : Devtools property defaults active! Set 'spring.devtools.add-properties' to 'false' to disable
2021-01-04 22:27:59.243  INFO 8716 --- [restartedMain] .e.DevToolsPropertyDefaultsPostProcessor : For additional web related logging consider setting the 'logging.level.web' property to 'DEBUG'
2021-01-04 22:28:00.222  INFO 8716 --- [restartedMain] o.s.b.w.embedded.tomcat.TomcatWebServer  : Tomcat initialized with port(s): 8080 (http)
2021-01-04 22:28:00.230  INFO 8716 --- [restartedMain] o.apache.catalina.core.StandardService   : Starting service [Tomcat]
2021-01-04 22:28:00.231  INFO 8716 --- [restartedMain] org.apache.catalina.core.StandardEngine  : Starting Servlet engine: [Apache Tomcat/9.0.41]
2021-01-04 22:28:00.311  INFO 8716 --- [restartedMain] o.a.c.c.C.[Tomcat].[localhost].[/]       : Initializing Spring embedded WebApplicationContext
2021-01-04 22:28:00.311  INFO 8716 --- [restartedMain] w.s.c.ServletWebServerApplicationContext : Root WebApplicationContext: initialization completed in 1067 ms
2021-01-04 22:28:00.442  INFO 8716 --- [restartedMain] org.example.service.CloudStorageService  : Initializing cloud storage with root dir:${Storage.cloud.bucket:
2021-01-04 22:28:00.444  INFO 8716 --- [restartedMain] org.example.service.LocalStorageService  : Intializing local storage with root dir: /var/static
2021-01-04 22:28:00.445  INFO 8716 --- [restartedMain] org.example.service.StorageService       : Load configuration: root-dir = org.example.config.StorageConfiguration$$EnhancerBySpringCGLIB$$2e4bc6b3@5c2bbf8c
2021-01-04 22:28:00.445  INFO 8716 --- [restartedMain] org.example.service.StorageService       : Load configuration: max-size = org.example.config.StorageConfiguration$$EnhancerBySpringCGLIB$$2e4bc6b3@5c2bbf8c
2021-01-04 22:28:00.446  INFO 8716 --- [restartedMain] org.example.service.StorageService       : Load configuration: allowed-types = org.example.config.StorageConfiguration$$EnhancerBySpringCGLIB$$2e4bc6b3@5c2bbf8c
2021-01-04 22:28:00.581  INFO 8716 --- [restartedMain] o.s.s.concurrent.ThreadPoolTaskExecutor  : Initializing ExecutorService 'applicationTaskExecutor'
2021-01-04 22:28:01.380  INFO 8716 --- [restartedMain] o.s.b.d.a.OptionalLiveReloadServer       : LiveReload server is running on port 35729
2021-01-04 22:28:01.385  INFO 8716 --- [restartedMain] o.s.b.a.e.web.EndpointLinksResolver      : Exposing 2 endpoint(s) beneath base path '/actuator'
2021-01-04 22:28:01.425  INFO 8716 --- [restartedMain] o.s.b.w.embedded.tomcat.TomcatWebServer  : Tomcat started on port(s): 8080 (http) with context path ''
2021-01-04 22:28:01.440  INFO 8716 --- [restartedMain] org.example.Application                  : Started Application in 2.56 seconds (JVM running for 2.965)
2021-01-04 22:28:08.593  INFO 8716 --- [http-nio-8080-exec-1] o.a.c.c.C.[Tomcat].[localhost].[/]       : Initializing Spring DispatcherServlet 'dispatcherServlet'
2021-01-04 22:28:08.593  INFO 8716 --- [http-nio-8080-exec-1] o.s.web.servlet.DispatcherServlet        : Initializing Servlet 'dispatcherServlet'
2021-01-04 22:28:08.594  INFO 8716 --- [http-nio-8080-exec-1] o.s.web.servlet.DispatcherServlet        : Completed initialization in 1 ms
2021-01-04 22:28:08.622 ERROR 8716 --- [http-nio-8080-exec-1] o.a.c.c.C.[.[.[/].[dispatcherServlet]    : Servlet.service() for servlet [dispatcherServlet] in context with path [] threw exception [Request processing failed; nested exception is java.lang.IllegalArgumentException: [redirect:/swagger-ui/index.html] is not a valid URI] with root cause

java.lang.IllegalArgumentException: [redirect:/swagger-ui/index.html] is not a valid URI
	at org.springframework.web.util.UriComponentsBuilder.fromUriString(UriComponentsBuilder.java:256)
	at org.springdoc.ui.AbstractSwaggerWelcome.getUriComponentsBuilder(AbstractSwaggerWelcome.java:88)
	at org.springdoc.webmvc.ui.SwaggerWelcome.redirectToUi(SwaggerWelcome.java:71)
	at java.base/jdk.internal.reflect.NativeMethodAccessorImpl.invoke0(Native Method)
	at java.base/jdk.internal.reflect.NativeMethodAccessorImpl.invoke(NativeMethodAccessorImpl.java:62)
	at java.base/jdk.internal.reflect.DelegatingMethodAccessorImpl.invoke(DelegatingMethodAccessorImpl.java:43)
	at java.base/java.lang.reflect.Method.invoke(Method.java:564)
	at org.springframework.web.method.support.InvocableHandlerMethod.doInvoke(InvocableHandlerMethod.java:197)
	at org.springframework.web.method.support.InvocableHandlerMethod.invokeForRequest(InvocableHandlerMethod.java:141)
	at org.springframework.web.servlet.mvc.method.annotation.ServletInvocableHandlerMethod.invokeAndHandle(ServletInvocableHandlerMethod.java:106)
	at org.springframework.web.servlet.mvc.method.annotation.RequestMappingHandlerAdapter.invokeHandlerMethod(RequestMappingHandlerAdapter.java:894)
	at org.springframework.web.servlet.mvc.method.annotation.RequestMappingHandlerAdapter.handleInternal(RequestMappingHandlerAdapter.java:808)
	at org.springframework.web.servlet.mvc.method.AbstractHandlerMethodAdapter.handle(AbstractHandlerMethodAdapter.java:87)
	at org.springframework.web.servlet.DispatcherServlet.doDispatch(DispatcherServlet.java:1061)
	at org.springframework.web.servlet.DispatcherServlet.doService(DispatcherServlet.java:961)
	at org.springframework.web.servlet.FrameworkServlet.processRequest(FrameworkServlet.java:1006)
	at org.springframework.web.servlet.FrameworkServlet.doGet(FrameworkServlet.java:898)
	at javax.servlet.http.HttpServlet.service(HttpServlet.java:626)
	at org.springframework.web.servlet.FrameworkServlet.service(FrameworkServlet.java:883)
	at javax.servlet.http.HttpServlet.service(HttpServlet.java:733)
	at org.apache.catalina.core.ApplicationFilterChain.internalDoFilter(ApplicationFilterChain.java:231)
	at org.apache.catalina.core.ApplicationFilterChain.doFilter(ApplicationFilterChain.java:166)
	at org.apache.tomcat.websocket.server.WsFilter.doFilter(WsFilter.java:53)
	at org.apache.catalina.core.ApplicationFilterChain.internalDoFilter(ApplicationFilterChain.java:193)
	at org.apache.catalina.core.ApplicationFilterChain.doFilter(ApplicationFilterChain.java:166)
	at org.springframework.web.filter.RequestContextFilter.doFilterInternal(RequestContextFilter.java:100)
	at org.springframework.web.filter.OncePerRequestFilter.doFilter(OncePerRequestFilter.java:119)
	at org.apache.catalina.core.ApplicationFilterChain.internalDoFilter(ApplicationFilterChain.java:193)
	at org.apache.catalina.core.ApplicationFilterChain.doFilter(ApplicationFilterChain.java:166)
	at org.springframework.web.filter.FormContentFilter.doFilterInternal(FormContentFilter.java:93)
	at org.springframework.web.filter.OncePerRequestFilter.doFilter(OncePerRequestFilter.java:119)
	at org.apache.catalina.core.ApplicationFilterChain.internalDoFilter(ApplicationFilterChain.java:193)
	at org.apache.catalina.core.ApplicationFilterChain.doFilter(ApplicationFilterChain.java:166)
	at org.springframework.boot.actuate.metrics.web.servlet.WebMvcMetricsFilter.doFilterInternal(WebMvcMetricsFilter.java:93)
	at org.springframework.web.filter.OncePerRequestFilter.doFilter(OncePerRequestFilter.java:119)
	at org.apache.catalina.core.ApplicationFilterChain.internalDoFilter(ApplicationFilterChain.java:193)
	at org.apache.catalina.core.ApplicationFilterChain.doFilter(ApplicationFilterChain.java:166)
	at org.springframework.web.filter.CharacterEncodingFilter.doFilterInternal(CharacterEncodingFilter.java:201)
	at org.springframework.web.filter.OncePerRequestFilter.doFilter(OncePerRequestFilter.java:119)
	at org.apache.catalina.core.ApplicationFilterChain.internalDoFilter(ApplicationFilterChain.java:193)
	at org.apache.catalina.core.ApplicationFilterChain.doFilter(ApplicationFilterChain.java:166)
	at org.apache.catalina.core.StandardWrapperValve.invoke(StandardWrapperValve.java:202)
	at org.apache.catalina.core.StandardContextValve.invoke(StandardContextValve.java:97)
	at org.apache.catalina.authenticator.AuthenticatorBase.invoke(AuthenticatorBase.java:542)
	at org.apache.catalina.core.StandardHostValve.invoke(StandardHostValve.java:143)
	at org.apache.catalina.valves.ErrorReportValve.invoke(ErrorReportValve.java:92)
	at org.apache.catalina.core.StandardEngineValve.invoke(StandardEngineValve.java:78)
	at org.apache.catalina.connector.CoyoteAdapter.service(CoyoteAdapter.java:343)
	at org.apache.coyote.http11.Http11Processor.service(Http11Processor.java:374)
	at org.apache.coyote.AbstractProcessorLight.process(AbstractProcessorLight.java:65)
	at org.apache.coyote.AbstractProtocol$ConnectionHandler.process(AbstractProtocol.java:888)
	at org.apache.tomcat.util.net.NioEndpoint$SocketProcessor.doRun(NioEndpoint.java:1597)
	at org.apache.tomcat.util.net.SocketProcessorBase.run(SocketProcessorBase.java:49)
	at java.base/java.util.concurrent.ThreadPoolExecutor.runWorker(ThreadPoolExecutor.java:1130)
	at java.base/java.util.concurrent.ThreadPoolExecutor$Worker.run(ThreadPoolExecutor.java:630)
	at org.apache.tomcat.util.threads.TaskThread$WrappingRunnable.run(TaskThread.java:61)
	at java.base/java.lang.Thread.run(Thread.java:832)

2021-01-04 22:28:16.470 ERROR 8716 --- [http-nio-8080-exec-2] o.a.c.c.C.[.[.[/].[dispatcherServlet]    : Servlet.service() for servlet [dispatcherServlet] in context with path [] threw exception [Request processing failed; nested exception is java.lang.IllegalArgumentException: [redirect:/swagger-ui/index.html] is not a valid URI] with root cause

java.lang.IllegalArgumentException: [redirect:/swagger-ui/index.html] is not a valid URI
	at org.springframework.web.util.UriComponentsBuilder.fromUriString(UriComponentsBuilder.java:256)
	at org.springdoc.ui.AbstractSwaggerWelcome.getUriComponentsBuilder(AbstractSwaggerWelcome.java:88)
	at org.springdoc.webmvc.ui.SwaggerWelcome.redirectToUi(SwaggerWelcome.java:71)
	at java.base/jdk.internal.reflect.NativeMethodAccessorImpl.invoke0(Native Method)
	at java.base/jdk.internal.reflect.NativeMethodAccessorImpl.invoke(NativeMethodAccessorImpl.java:62)
	at java.base/jdk.internal.reflect.DelegatingMethodAccessorImpl.invoke(DelegatingMethodAccessorImpl.java:43)
	at java.base/java.lang.reflect.Method.invoke(Method.java:564)
	at org.springframework.web.method.support.InvocableHandlerMethod.doInvoke(InvocableHandlerMethod.java:197)
	at org.springframework.web.method.support.InvocableHandlerMethod.invokeForRequest(InvocableHandlerMethod.java:141)
	at org.springframework.web.servlet.mvc.method.annotation.ServletInvocableHandlerMethod.invokeAndHandle(ServletInvocableHandlerMethod.java:106)
	at org.springframework.web.servlet.mvc.method.annotation.RequestMappingHandlerAdapter.invokeHandlerMethod(RequestMappingHandlerAdapter.java:894)
	at org.springframework.web.servlet.mvc.method.annotation.RequestMappingHandlerAdapter.handleInternal(RequestMappingHandlerAdapter.java:808)
	at org.springframework.web.servlet.mvc.method.AbstractHandlerMethodAdapter.handle(AbstractHandlerMethodAdapter.java:87)
	at org.springframework.web.servlet.DispatcherServlet.doDispatch(DispatcherServlet.java:1061)
	at org.springframework.web.servlet.DispatcherServlet.doService(DispatcherServlet.java:961)
	at org.springframework.web.servlet.FrameworkServlet.processRequest(FrameworkServlet.java:1006)
	at org.springframework.web.servlet.FrameworkServlet.doGet(FrameworkServlet.java:898)
	at javax.servlet.http.HttpServlet.service(HttpServlet.java:626)
	at org.springframework.web.servlet.FrameworkServlet.service(FrameworkServlet.java:883)
	at javax.servlet.http.HttpServlet.service(HttpServlet.java:733)
	at org.apache.catalina.core.ApplicationFilterChain.internalDoFilter(ApplicationFilterChain.java:231)
	at org.apache.catalina.core.ApplicationFilterChain.doFilter(ApplicationFilterChain.java:166)
	at org.apache.tomcat.websocket.server.WsFilter.doFilter(WsFilter.java:53)
	at org.apache.catalina.core.ApplicationFilterChain.internalDoFilter(ApplicationFilterChain.java:193)
	at org.apache.catalina.core.ApplicationFilterChain.doFilter(ApplicationFilterChain.java:166)
	at org.springframework.web.filter.RequestContextFilter.doFilterInternal(RequestContextFilter.java:100)
	at org.springframework.web.filter.OncePerRequestFilter.doFilter(OncePerRequestFilter.java:119)
	at org.apache.catalina.core.ApplicationFilterChain.internalDoFilter(ApplicationFilterChain.java:193)
	at org.apache.catalina.core.ApplicationFilterChain.doFilter(ApplicationFilterChain.java:166)
	at org.springframework.web.filter.FormContentFilter.doFilterInternal(FormContentFilter.java:93)
	at org.springframework.web.filter.OncePerRequestFilter.doFilter(OncePerRequestFilter.java:119)
	at org.apache.catalina.core.ApplicationFilterChain.internalDoFilter(ApplicationFilterChain.java:193)
	at org.apache.catalina.core.ApplicationFilterChain.doFilter(ApplicationFilterChain.java:166)
	at org.springframework.boot.actuate.metrics.web.servlet.WebMvcMetricsFilter.doFilterInternal(WebMvcMetricsFilter.java:93)
	at org.springframework.web.filter.OncePerRequestFilter.doFilter(OncePerRequestFilter.java:119)
	at org.apache.catalina.core.ApplicationFilterChain.internalDoFilter(ApplicationFilterChain.java:193)
	at org.apache.catalina.core.ApplicationFilterChain.doFilter(ApplicationFilterChain.java:166)
	at org.springframework.web.filter.CharacterEncodingFilter.doFilterInternal(CharacterEncodingFilter.java:201)
	at org.springframework.web.filter.OncePerRequestFilter.doFilter(OncePerRequestFilter.java:119)
	at org.apache.catalina.core.ApplicationFilterChain.internalDoFilter(ApplicationFilterChain.java:193)
	at org.apache.catalina.core.ApplicationFilterChain.doFilter(ApplicationFilterChain.java:166)
	at org.apache.catalina.core.StandardWrapperValve.invoke(StandardWrapperValve.java:202)
	at org.apache.catalina.core.StandardContextValve.invoke(StandardContextValve.java:97)
	at org.apache.catalina.authenticator.AuthenticatorBase.invoke(AuthenticatorBase.java:542)
	at org.apache.catalina.core.StandardHostValve.invoke(StandardHostValve.java:143)
	at org.apache.catalina.valves.ErrorReportValve.invoke(ErrorReportValve.java:92)
	at org.apache.catalina.core.StandardEngineValve.invoke(StandardEngineValve.java:78)
	at org.apache.catalina.connector.CoyoteAdapter.service(CoyoteAdapter.java:343)
	at org.apache.coyote.http11.Http11Processor.service(Http11Processor.java:374)
	at org.apache.coyote.AbstractProcessorLight.process(AbstractProcessorLight.java:65)
	at org.apache.coyote.AbstractProtocol$ConnectionHandler.process(AbstractProtocol.java:888)
	at org.apache.tomcat.util.net.NioEndpoint$SocketProcessor.doRun(NioEndpoint.java:1597)
	at org.apache.tomcat.util.net.SocketProcessorBase.run(SocketProcessorBase.java:49)
	at java.base/java.util.concurrent.ThreadPoolExecutor.runWorker(ThreadPoolExecutor.java:1130)
	at java.base/java.util.concurrent.ThreadPoolExecutor$Worker.run(ThreadPoolExecutor.java:630)
	at org.apache.tomcat.util.threads.TaskThread$WrappingRunnable.run(TaskThread.java:61)
	at java.base/java.lang.Thread.run(Thread.java:832)

